0 info it worked if it ends with ok
1 verbose cli [ 'D:\\workspace\\springBoot-React--boilerplate-master\\fe\\node\\node.exe',
1 verbose cli   'D:\\workspace\\springBoot-React--boilerplate-master\\fe\\node\\node_modules\\npm\\bin\\npm-cli.js',
1 verbose cli   'run',
1 verbose cli   'build' ]
2 info using npm@3.9.2
3 info using node@v4.4.5
4 verbose run-script [ 'prebuild', 'build', 'postbuild' ]
5 info lifecycle fe@0.0.1-SNAPSHOT~prebuild: fe@0.0.1-SNAPSHOT
6 silly lifecycle fe@0.0.1-SNAPSHOT~prebuild: no script for prebuild, continuing
7 info lifecycle fe@0.0.1-SNAPSHOT~build: fe@0.0.1-SNAPSHOT
8 verbose lifecycle fe@0.0.1-SNAPSHOT~build: unsafe-perm in lifecycle true
9 verbose lifecycle fe@0.0.1-SNAPSHOT~build: PATH: D:\workspace\springBoot-React--boilerplate-master\fe\node\node_modules\npm\bin\node-gyp-bin;D:\workspace\springBoot-React--boilerplate-master\fe\node_modules\.bin;D:\workspace\springBoot-React--boilerplate-master\fe\node;D:\workspace\springBoot-React--boilerplate-master\fe\node;C:/Program Files/Java/jre1.8.0_201/bin/server;C:/Program Files/Java/jre1.8.0_201/bin;C:/Program Files/Java/jre1.8.0_201/lib/amd64;C:\Program Files (x86)\Common Files\Oracle\Java\javapath;D:\app\monitering\product\12.2.0\dbhome_1\bin;C:\WINDOWS\system32;C:\WINDOWS;C:\WINDOWS\System32\Wbem;C:\WINDOWS\System32\WindowsPowerShell\v1.0\;C:\Program Files (x86)\ATI Technologies\ATI.ACE\Core-Static;C:\WINDOWS\System32\OpenSSH\;D:\node\nodejs\;C:\Users\monitering\AppData\Local\Microsoft\WindowsApps;C:\Users\monitering\AppData\Roaming\npm;C:\Users\monitering\AppData\Local\Programs\Microsoft VS Code\bin;D:\sts-3.9.7.RELEASE;;
10 verbose lifecycle fe@0.0.1-SNAPSHOT~build: CWD: D:\workspace\springBoot-React--boilerplate-master\fe
11 silly lifecycle fe@0.0.1-SNAPSHOT~build: Args: [ '/d /s /c', 'webpack' ]
12 silly lifecycle fe@0.0.1-SNAPSHOT~build: Returned: code: 2  signal: null
13 info lifecycle fe@0.0.1-SNAPSHOT~build: Failed to exec build script
14 verbose stack Error: fe@0.0.1-SNAPSHOT build: `webpack`
14 verbose stack Exit status 2
14 verbose stack     at EventEmitter.<anonymous> (D:\workspace\springBoot-React--boilerplate-master\fe\node\node_modules\npm\lib\utils\lifecycle.js:245:16)
14 verbose stack     at emitTwo (events.js:87:13)
14 verbose stack     at EventEmitter.emit (events.js:172:7)
14 verbose stack     at ChildProcess.<anonymous> (D:\workspace\springBoot-React--boilerplate-master\fe\node\node_modules\npm\lib\utils\spawn.js:24:14)
14 verbose stack     at emitTwo (events.js:87:13)
14 verbose stack     at ChildProcess.emit (events.js:172:7)
14 verbose stack     at maybeClose (internal/child_process.js:827:16)
14 verbose stack     at Process.ChildProcess._handle.onexit (internal/child_process.js:211:5)
15 verbose pkgid fe@0.0.1-SNAPSHOT
16 verbose cwd D:\workspace\springBoot-React--boilerplate-master\fe
17 error Windows_NT 10.0.17134
18 error argv "D:\\workspace\\springBoot-React--boilerplate-master\\fe\\node\\node.exe" "D:\\workspace\\springBoot-React--boilerplate-master\\fe\\node\\node_modules\\npm\\bin\\npm-cli.js" "run" "build"
19 error node v4.4.5
20 error npm  v3.9.2
21 error code ELIFECYCLE
22 error fe@0.0.1-SNAPSHOT build: `webpack`
22 error Exit status 2
23 error Failed at the fe@0.0.1-SNAPSHOT build script 'webpack'.
23 error Make sure you have the latest version of node.js and npm installed.
23 error If you do, this is most likely a problem with the fe package,
23 error not with npm itself.
23 error Tell the author that this fails on your system:
23 error     webpack
23 error You can get information on how to open an issue for this project with:
23 error     npm bugs fe
23 error Or if that isn't available, you can get their info via:
23 error     npm owner ls fe
23 error There is likely additional logging output above.
24 verbose exit [ 1, true ]
